<?xml version="1.0" encoding="UTF-8"?>
<!-- Generated by org.testng.reporters.JUnitReportReporter -->
<testsuite hostname="IBM-PF3183HA" failures="0" tests="10" name="TestNG.InvocationCount" time="0.019" errors="0" timestamp="2023-03-23T15:51:13 IST" skipped="0">
  <testcase classname="TestNG.InvocationCount" name="testcase" time="0.001"/>
  <system-out/>
  <testcase classname="TestNG.InvocationCount" name="testcase" time="0.001"/>
  <system-out/>
  <testcase classname="TestNG.InvocationCount" name="testcase" time="0.001"/>
  <system-out/>
  <testcase classname="TestNG.InvocationCount" name="testcase" time="0.009"/>
  <system-out/>
  <testcase classname="TestNG.InvocationCount" name="testcase" time="0.001"/>
  <system-out/>
  <testcase classname="TestNG.InvocationCount" name="testcase" time="0.001"/>
  <system-out/>
  <testcase classname="TestNG.InvocationCount" name="testcase" time="0.001"/>
  <system-out/>
  <testcase classname="TestNG.InvocationCount" name="testcase" time="0.001"/>
  <system-out/>
  <testcase classname="TestNG.InvocationCount" name="testcase" time="0.001"/>
  <system-out/>
  <testcase classname="TestNG.InvocationCount" name="testcase" time="0.002"/>
  <system-out/>
</testsuite> <!-- TestNG.InvocationCount -->
