<?xml version="1.0" encoding="UTF-8"?>
<!-- Generated by org.testng.reporters.JUnitReportReporter -->
<testsuite hostname="IBM-PF3183HA" failures="0" tests="3" name="TestNG.DependentOnMethods" time="0.015" errors="0" timestamp="2023-03-14T19:27:16 IST" skipped="0">
  <testcase classname="TestNG.DependentOnMethods" name="LogOut" time="0.002"/>
  <system-out/>
  <testcase classname="TestNG.DependentOnMethods" name="OpenBrowser" time="0.012"/>
  <system-out/>
  <testcase classname="TestNG.DependentOnMethods" name="SignIn" time="0.001"/>
  <system-out/>
</testsuite> <!-- TestNG.DependentOnMethods -->
