<?xml version="1.0" encoding="UTF-8"?>
<!-- Generated by org.testng.reporters.JUnitReportReporter -->
<testsuite hostname="IBM-PF3183HA" failures="0" tests="3" name="TestNG.DependsOnMethods" time="0.016" errors="0" timestamp="2023-03-23T15:42:18 IST" skipped="0">
  <testcase classname="TestNG.DependsOnMethods" name="SignIn" time="0.002"/>
  <system-out/>
  <testcase classname="TestNG.DependsOnMethods" name="LogOut" time="0.002"/>
  <system-out/>
  <testcase classname="TestNG.DependsOnMethods" name="OpenBrowser" time="0.012"/>
  <system-out/>
</testsuite> <!-- TestNG.DependsOnMethods -->
