<?xml version="1.0" encoding="UTF-8"?>
<!-- Generated by org.testng.reporters.JUnitReportReporter -->
<testsuite hostname="IBM-PF3183HA" failures="0" tests="3" name="TestNG.Grouping" time="0.010" errors="0" timestamp="2023-03-14T19:14:00 IST" skipped="0">
  <testcase classname="TestNG.Grouping" name="dot_net" time="0.008"/>
  <system-out/>
  <testcase classname="TestNG.Grouping" name="java" time="0.001"/>
  <system-out/>
  <testcase classname="TestNG.Grouping" name="tester" time="0.001"/>
  <system-out/>
</testsuite> <!-- TestNG.Grouping -->
