<?xml version="1.0" encoding="UTF-8"?>
<!-- Generated by org.testng.reporters.JUnitReportReporter -->
<testsuite hostname="IBM-PF3183HA" failures="0" tests="5" name="TestNG.Priority" time="0.010" errors="0" timestamp="2023-03-14T18:58:00 IST" skipped="0">
  <testcase classname="TestNG.Priority" name="test4" time="0.007"/>
  <system-out/>
  <testcase classname="TestNG.Priority" name="test3" time="0.001"/>
  <system-out/>
  <testcase classname="TestNG.Priority" name="test1" time="0.000"/>
  <system-out/>
  <testcase classname="TestNG.Priority" name="test2" time="0.001"/>
  <system-out/>
  <testcase classname="TestNG.Priority" name="test5" time="0.001"/>
  <system-out/>
</testsuite> <!-- TestNG.Priority -->
